
[2026-02-17T15:11:37.167Z] {
  "action": "signup_attempt",
  "body": {
    "name": "বেফাকুল মাদারিসিল ",
    "email": "01870186447",
    "password": "***"
  }
}
[2026-02-17T15:11:37.526Z] {
  "action": "signup_error",
  "message": "\nInvalid `__TURBOPACK__imported__module__$5b$project$5d2f$src$2f$utils$2f$db$2e$ts__$5b$app$2d$route$5d$__$28$ecmascript$29$__[\"default\"].user.create()` invocation in\nF:\\Edusy User flow\\Edusy app\\.next\\dev\\server\\chunks\\[root-of-the-server]__219a59cb._.js:172:161\n\n  169 }\n  170 // --- PASSWORD HASHING ---\n  171 const hashedPassword = await __TURBOPACK__imported__module__$5b$project$5d2f$node_modules$2f$bcryptjs$2f$index$2e$js__$5b$app$2d$route$5d$__$28$ecmascript$29$__[\"default\"].hash(password, 10);\n→ 172 const user = await __TURBOPACK__imported__module__$5b$project$5d2f$src$2f$utils$2f$db$2e$ts__$5b$app$2d$route$5d$__$28$ecmascript$29$__[\"default\"].user.create(\nUnique constraint failed on the constraint: `User_email_key`",
  "stack": "PrismaClientKnownRequestError: \nInvalid `__TURBOPACK__imported__module__$5b$project$5d2f$src$2f$utils$2f$db$2e$ts__$5b$app$2d$route$5d$__$28$ecmascript$29$__[\"default\"].user.create()` invocation in\nF:\\Edusy User flow\\Edusy app\\.next\\dev\\server\\chunks\\[root-of-the-server]__219a59cb._.js:172:161\n\n  169 }\n  170 // --- PASSWORD HASHING ---\n  171 const hashedPassword = await __TURBOPACK__imported__module__$5b$project$5d2f$node_modules$2f$bcryptjs$2f$index$2e$js__$5b$app$2d$route$5d$__$28$ecmascript$29$__[\"default\"].hash(password, 10);\n→ 172 const user = await __TURBOPACK__imported__module__$5b$project$5d2f$src$2f$utils$2f$db$2e$ts__$5b$app$2d$route$5d$__$28$ecmascript$29$__[\"default\"].user.create(\nUnique constraint failed on the constraint: `User_email_key`\n    at In.handleRequestError (F:\\Edusy User flow\\Edusy app\\node_modules\\@prisma\\client\\runtime\\library.js:123:6854)\n    at In.handleAndLogRequestError (F:\\Edusy User flow\\Edusy app\\node_modules\\@prisma\\client\\runtime\\library.js:123:6188)\n    at In.request (F:\\Edusy User flow\\Edusy app\\node_modules\\@prisma\\client\\runtime\\library.js:123:5896)\n    at async l (F:\\Edusy User flow\\Edusy app\\node_modules\\@prisma\\client\\runtime\\library.js:128:10871)\n    at async POST (F:\\Edusy User flow\\Edusy app\\.next\\dev\\server\\chunks\\[root-of-the-server]__219a59cb._.js:172:22)\n    at async AppRouteRouteModule.do (F:\\Edusy User flow\\Edusy app\\node_modules\\next\\dist\\compiled\\next-server\\app-route-turbo.runtime.dev.js:5:37866)\n    at async AppRouteRouteModule.handle (F:\\Edusy User flow\\Edusy app\\node_modules\\next\\dist\\compiled\\next-server\\app-route-turbo.runtime.dev.js:5:45156)\n    at async responseGenerator (F:\\Edusy User flow\\Edusy app\\.next\\dev\\server\\chunks\\[root-of-the-server]__865d5129._.js:17239:38)\n    at async AppRouteRouteModule.handleResponse (F:\\Edusy User flow\\Edusy app\\node_modules\\next\\dist\\compiled\\next-server\\app-route-turbo.runtime.dev.js:1:191938)\n    at async handleResponse (F:\\Edusy User flow\\Edusy app\\.next\\dev\\server\\chunks\\[root-of-the-server]__865d5129._.js:17302:32)\n    at async Module.handler (F:\\Edusy User flow\\Edusy app\\.next\\dev\\server\\chunks\\[root-of-the-server]__865d5129._.js:17355:13)\n    at async DevServer.renderToResponseWithComponentsImpl (F:\\Edusy User flow\\Edusy app\\node_modules\\next\\dist\\server\\base-server.js:1442:9)\n    at async DevServer.renderPageComponent (F:\\Edusy User flow\\Edusy app\\node_modules\\next\\dist\\server\\base-server.js:1494:24)\n    at async DevServer.renderToResponseImpl (F:\\Edusy User flow\\Edusy app\\node_modules\\next\\dist\\server\\base-server.js:1544:32)\n    at async DevServer.pipeImpl (F:\\Edusy User flow\\Edusy app\\node_modules\\next\\dist\\server\\base-server.js:1038:25)\n    at async NextNodeServer.handleCatchallRenderRequest (F:\\Edusy User flow\\Edusy app\\node_modules\\next\\dist\\server\\next-server.js:395:17)\n    at async DevServer.handleRequestImpl (F:\\Edusy User flow\\Edusy app\\node_modules\\next\\dist\\server\\base-server.js:929:17)\n    at async F:\\Edusy User flow\\Edusy app\\node_modules\\next\\dist\\server\\dev\\next-dev-server.js:387:20\n    at async Span.traceAsyncFn (F:\\Edusy User flow\\Edusy app\\node_modules\\next\\dist\\trace\\trace.js:157:20)\n    at async DevServer.handleRequest (F:\\Edusy User flow\\Edusy app\\node_modules\\next\\dist\\server\\dev\\next-dev-server.js:383:24)\n    at async invokeRender (F:\\Edusy User flow\\Edusy app\\node_modules\\next\\dist\\server\\lib\\router-server.js:248:21)\n    at async handleRequest (F:\\Edusy User flow\\Edusy app\\node_modules\\next\\dist\\server\\lib\\router-server.js:447:24)\n    at async requestHandlerImpl (F:\\Edusy User flow\\Edusy app\\node_modules\\next\\dist\\server\\lib\\router-server.js:496:13)\n    at async Server.requestListener (F:\\Edusy User flow\\Edusy app\\node_modules\\next\\dist\\server\\lib\\start-server.js:226:13)",
  "code": "P2002",
  "meta": {
    "modelName": "User",
    "target": "User_email_key"
  }
}
[2026-02-17T15:12:04.748Z] {
  "action": "signup_attempt",
  "body": {
    "name": "vavav ",
    "email": "01870186448",
    "password": "***"
  }
}
[2026-02-17T15:12:05.092Z] {
  "action": "signup_error",
  "message": "\nInvalid `__TURBOPACK__imported__module__$5b$project$5d2f$src$2f$utils$2f$db$2e$ts__$5b$app$2d$route$5d$__$28$ecmascript$29$__[\"default\"].user.create()` invocation in\nF:\\Edusy User flow\\Edusy app\\.next\\dev\\server\\chunks\\[root-of-the-server]__219a59cb._.js:172:161\n\n  169 }\n  170 // --- PASSWORD HASHING ---\n  171 const hashedPassword = await __TURBOPACK__imported__module__$5b$project$5d2f$node_modules$2f$bcryptjs$2f$index$2e$js__$5b$app$2d$route$5d$__$28$ecmascript$29$__[\"default\"].hash(password, 10);\n→ 172 const user = await __TURBOPACK__imported__module__$5b$project$5d2f$src$2f$utils$2f$db$2e$ts__$5b$app$2d$route$5d$__$28$ecmascript$29$__[\"default\"].user.create(\nUnique constraint failed on the constraint: `User_email_key`",
  "stack": "PrismaClientKnownRequestError: \nInvalid `__TURBOPACK__imported__module__$5b$project$5d2f$src$2f$utils$2f$db$2e$ts__$5b$app$2d$route$5d$__$28$ecmascript$29$__[\"default\"].user.create()` invocation in\nF:\\Edusy User flow\\Edusy app\\.next\\dev\\server\\chunks\\[root-of-the-server]__219a59cb._.js:172:161\n\n  169 }\n  170 // --- PASSWORD HASHING ---\n  171 const hashedPassword = await __TURBOPACK__imported__module__$5b$project$5d2f$node_modules$2f$bcryptjs$2f$index$2e$js__$5b$app$2d$route$5d$__$28$ecmascript$29$__[\"default\"].hash(password, 10);\n→ 172 const user = await __TURBOPACK__imported__module__$5b$project$5d2f$src$2f$utils$2f$db$2e$ts__$5b$app$2d$route$5d$__$28$ecmascript$29$__[\"default\"].user.create(\nUnique constraint failed on the constraint: `User_email_key`\n    at In.handleRequestError (F:\\Edusy User flow\\Edusy app\\node_modules\\@prisma\\client\\runtime\\library.js:123:6854)\n    at In.handleAndLogRequestError (F:\\Edusy User flow\\Edusy app\\node_modules\\@prisma\\client\\runtime\\library.js:123:6188)\n    at In.request (F:\\Edusy User flow\\Edusy app\\node_modules\\@prisma\\client\\runtime\\library.js:123:5896)\n    at async l (F:\\Edusy User flow\\Edusy app\\node_modules\\@prisma\\client\\runtime\\library.js:128:10871)\n    at async POST (F:\\Edusy User flow\\Edusy app\\.next\\dev\\server\\chunks\\[root-of-the-server]__219a59cb._.js:172:22)\n    at async AppRouteRouteModule.do (F:\\Edusy User flow\\Edusy app\\node_modules\\next\\dist\\compiled\\next-server\\app-route-turbo.runtime.dev.js:5:37866)\n    at async AppRouteRouteModule.handle (F:\\Edusy User flow\\Edusy app\\node_modules\\next\\dist\\compiled\\next-server\\app-route-turbo.runtime.dev.js:5:45156)\n    at async responseGenerator (F:\\Edusy User flow\\Edusy app\\.next\\dev\\server\\chunks\\[root-of-the-server]__865d5129._.js:17239:38)\n    at async AppRouteRouteModule.handleResponse (F:\\Edusy User flow\\Edusy app\\node_modules\\next\\dist\\compiled\\next-server\\app-route-turbo.runtime.dev.js:1:191938)\n    at async handleResponse (F:\\Edusy User flow\\Edusy app\\.next\\dev\\server\\chunks\\[root-of-the-server]__865d5129._.js:17302:32)\n    at async Module.handler (F:\\Edusy User flow\\Edusy app\\.next\\dev\\server\\chunks\\[root-of-the-server]__865d5129._.js:17355:13)\n    at async DevServer.renderToResponseWithComponentsImpl (F:\\Edusy User flow\\Edusy app\\node_modules\\next\\dist\\server\\base-server.js:1442:9)\n    at async DevServer.renderPageComponent (F:\\Edusy User flow\\Edusy app\\node_modules\\next\\dist\\server\\base-server.js:1494:24)\n    at async DevServer.renderToResponseImpl (F:\\Edusy User flow\\Edusy app\\node_modules\\next\\dist\\server\\base-server.js:1544:32)\n    at async DevServer.pipeImpl (F:\\Edusy User flow\\Edusy app\\node_modules\\next\\dist\\server\\base-server.js:1038:25)\n    at async NextNodeServer.handleCatchallRenderRequest (F:\\Edusy User flow\\Edusy app\\node_modules\\next\\dist\\server\\next-server.js:395:17)\n    at async DevServer.handleRequestImpl (F:\\Edusy User flow\\Edusy app\\node_modules\\next\\dist\\server\\base-server.js:929:17)\n    at async F:\\Edusy User flow\\Edusy app\\node_modules\\next\\dist\\server\\dev\\next-dev-server.js:387:20\n    at async Span.traceAsyncFn (F:\\Edusy User flow\\Edusy app\\node_modules\\next\\dist\\trace\\trace.js:157:20)\n    at async DevServer.handleRequest (F:\\Edusy User flow\\Edusy app\\node_modules\\next\\dist\\server\\dev\\next-dev-server.js:383:24)\n    at async invokeRender (F:\\Edusy User flow\\Edusy app\\node_modules\\next\\dist\\server\\lib\\router-server.js:248:21)\n    at async handleRequest (F:\\Edusy User flow\\Edusy app\\node_modules\\next\\dist\\server\\lib\\router-server.js:447:24)\n    at async requestHandlerImpl (F:\\Edusy User flow\\Edusy app\\node_modules\\next\\dist\\server\\lib\\router-server.js:496:13)\n    at async Server.requestListener (F:\\Edusy User flow\\Edusy app\\node_modules\\next\\dist\\server\\lib\\start-server.js:226:13)",
  "code": "P2002",
  "meta": {
    "modelName": "User",
    "target": "User_email_key"
  }
}